Global .Rprofile loaded!

Attaching package: 'gms'

The following objects are masked from 'package:lucode2':

    get_info, getfiledestinations


# rds_report.R -> ./output/disaggr_disaggr_transport21_2021-11-01_14.44.41/
Loading required package: gdx
Loading required package: gdxrrw
Start getReport(gdx)...
   reportPopulation(gdx)                                     success 0.87s
   reportIncome(gdx)                                         success 0.37s
   reportPriceGHG(gdx)                                       success 0.47s
   reportFoodExpenditure(gdx)                                success 3.49s
   reportKcal(gdx,detail=detail)                             ERROR 0.46s
   reportProtein(gdx,detail=detail)                          ERROR 0.39s
   reportIntakeDetailed(gdx,detail=detail)                   ERROR 4.97s
   reportLivestockShare(gdx)                                 success 0.35s
   reportLivestockDemStructure(gdx)                          ERROR 0.39s
   reportVegfruitShare(gdx)                                  success 0.36s
   reportPriceShock(gdx)                                     no return value 0.005s
   reportPriceElasticities(gdx)                              success 4.68s
   reportDemand(gdx,detail=detail)                           success 3.25s
   reportDemandBioenergy(gdx,detail=detail)                  success 1.88s
   reportFeed(gdx,detail=detail)                             success 1.90s
   reportProduction(gdx,detail=detail)                       success 0.32s
   reportProductionBioenergy(gdx,detail=detail)              success 0.38s
   reportTrade(gdx,detail=detail)                            success 2.90s
   reportLandUse(gdx)                                        success 0.30s
   reportLandUseChange(gdx)                                  success 0.30s
   reportNetForestChange(gdx)                                success 0.18s
   reportPeatland(gdx)                                       success 0.16s
   reportProtectedArea(gdx)                                  success 0.10s
   reportCroparea(gdx,detail=detail)                         success 0.99s
   reportNitrogenBudgetCropland(gdx)                         success 1.47s
   reportNitrogenBudgetPasture(gdx)                          success 0.26s
   reportManure(gdx)                                         success 0.18s
   reportYields(gdx,detail=detail)                           success 2.25s
   reportYieldsCropCalib(gdx,detail=detail)                  success 2.66s
   reportYieldsCropRaw(gdx,detail=detail)                    success 2.34s
   reportTau(gdx)                                            success 0.39s
   reportTc(gdx)                                             success 0.31s
   reportEmissions(gdx)                                      success 23.17s
   reportEmissionsBeforeTechnicalMitigation(gdx)             success 0.38s
   reportCosts(gdx)                                          success 1.79s
   reportCostsPresolve(gdx)                                  no return value 0.005s
   reportCostTransport(gdx)                                  success 0.31s
   reportCostTC(gdx)                                         success 0.086s
   reportCostsFertilizer(gdx)                                success 0.30s
   reportCostOverall(gdx)                                    success 0.10s
   reportCostCapitalStocks(gdx)                              success 0.13s
   reportCostCapitalInvestment(gdx)                          success 0.17s
   reportCostsAEI(gdx)                                       success 0.087s
   reportCostInputsCrop(gdx)                                 success 0.29s
   reportCostsInputFactors(gdx)                              success 1.40s
   reportCostsOptimization(gdx)                              success 2.44s
   reportCostsAccounting(gdx)                                success 2.57s
   reportCostsAdaptationCrops(gdx,type = 'investment')       success 2.91s
   reportAgGDP(gdx)                                          success 1.23s
   reportConsumVal(gdx)                                      success 0.56s
   reportPriceFoodIndex(gdx)                                 success 1.54s
   reportExpenditureFoodIndex(gdx)                           success 4.94s
   reportPriceAgriculture(gdx)                               success 0.12s
   reportPriceBioenergy(gdx)                                 success 0.14s
   reportPriceLand(gdx)                                      success 0.20s
   reportPriceWater(gdx)                                     success 0.18s
   reportValueTrade(gdx)                                     success 3.89s
   reportProcessing(gdx, indicator='primary_to_process')     success 0.29s
   reportProcessing(gdx, indicator='secondary_from_primary') success 0.74s
   reportAEI(gdx)                                            success 0.09s
   reportWaterUsage(gdx)                                     success 0.61s
   reportWaterAvailability(gdx)                              success 0.11s
   reportAAI(gdx)                                            success 0.23s
   reportSOM(gdx)                                            success 1.42s
   reportGrowingStock(gdx, indicator='relative')             success 2.21s
   reportGrowingStock(gdx, indicator='absolute')             success 0.92s
   reportSDG1(gdx)                                           success 0.49s
   reportSDG2(gdx)                                           ERROR 10.44s
   reportSDG3(gdx)                                           success 6.26s
   reportSDG6(gdx)                                           success 1.59s
   reportSDG12(gdx)                                          success 5.72s
   reportSDG15(gdx)                                          success 2.54s
   reportForestYield(gdx)                                    no return value 0.17s
   reportharvested_area_timber(gdx)                          no return value 0.18s
   reportPlantationEstablishment(gdx)                        success 0.56s
   reportRotationLength(gdx)                                 success 0.11s
   reportTimber(gdx)                                         success 0.51s
   reportBII(gdx)                                            success 0.40s
   reportPriceWoodyBiomass(gdx)                              no return value 0.17s
   reportCarbonstock(gdx)                                    success 1.54s
   reportCattle(gdx)                                         no return value 0.01s
   reportGraslandSoilCarbon(gdx)                             Disabled (no managed pastures)  0.14s
   reportGrasslandYields(gdx)                                Disabled (No separate grassland yields) 0.009s
Total runtime:  146.50s

There were 19 warnings (use warnings() to see them)
