Global .Rprofile loaded! (R version 4.1.2 (2021-11-01))
4 packages in personal lib '/home/davidch/R/x86_64-pc-linux-gnu-library/4.1':
- furrr
- ggsankey
- ineq
- remotes
see https://redmine.pik-potsdam.de/projects/mo/wiki/R_packages_on_cluster

# extra/highres.R -> ./output/disaggr_GTAPtransp10pckg_disaggr_LocalFood2_2022-08-26_10.31.30/
Loading required package: gdxrrw
2022-08-26 18:10:22: acquiring model lock...
acquired model lock in 0 secs.
Searching for rev4.75_h12_*_cellularmagpie_c2000_MRI-ESM2-0-ssp370_lpjml-8e6c5eb1.tgz in repositories
Matching file with c2000 resolution found: rev4.75_h12_99f75e90_cellularmagpie_c2000_MRI-ESM2-0-ssp370_lpjml-8e6c5eb1.tgz
Delete old data in input folders ... 
done!

Load data..
  try https://rse.pik-potsdam.de/data/magpie/public
    repository access failed .. skip repository!
  try https://rse.pik-potsdam.de/data/magpie/intern
    repository access failed .. skip repository!
  try /p/projects/rd3mod/mirror/rse.pik-potsdam.de/data/magpie/intern
  try /p/projects/rd3mod/mirror/rse.pik-potsdam.de/data/magpie/public
    -> additional_data_rev4.26.tgz
    -> calibration_H12_per_ton_fao_may22_28May22.tgz
  try /p/projects/landuse/data/input/archive
  try /p/projects/landuse/data/input/calibration
  try /p/projects/rd3mod/inputdata/output
    -> rev4.75_h12_magpie.tgz
    -> rev4.75_h12_99f75e90_cellularmagpie_c2000_MRI-ESM2-0-ssp370_lpjml-8e6c5eb1.tgz
    -> rev4.75_h12_validation.tgz
..unpack files..
 -> rev4.75_h12_magpie.tgz
 -> rev4.75_h12_99f75e90_cellularmagpie_c2000_MRI-ESM2-0-ssp370_lpjml-8e6c5eb1.tgz
 -> rev4.75_h12_validation.tgz
 -> additional_data_rev4.26.tgz
 -> calibration_H12_per_ton_fao_may22_28May22.tgz
..done

Start moving input files:

   input/f09_development_state.cs3         -> modules/09_drivers/input/f09_development_state.cs3
   input/f09_gdp_mer_iso.csv               -> modules/09_drivers/input/f09_gdp_mer_iso.csv
   input/f09_gdp_ppp_iso.csv               -> modules/09_drivers/input/f09_gdp_ppp_iso.csv
   input/f09_pop_iso.csv                   -> modules/09_drivers/input/f09_pop_iso.csv
   input/f09_urban_iso.csv                 -> modules/09_drivers/input/f09_urban_iso.csv
   input/f09_demography.cs3                -> modules/09_drivers/input/f09_demography.cs3
   input/f09_physical_inactivity.cs3       -> modules/09_drivers/input/f09_physical_inactivity.cs3
   input/f09_pop_grid.cs3                  -> modules/09_drivers/input/f09_pop_grid.cs3
   input/f09_urbanpop_grid.cs3             -> modules/09_drivers/input/f09_urbanpop_grid.cs3
   input/avl_land_t_c2000.mz               -> modules/10_land/input/avl_land_t.cs3
   input/avl_land_t_0.5.mz                 -> modules/10_land/input/avl_land_t_0.5.mz
   input/luh2_side_layers_c2000.mz         -> modules/10_land/input/luh2_side_layers.cs3
   input/f12_interest_rate_coupling.csv    -> modules/12_interest_rate/input/f12_interest_rate_coupling.csv
   input/f12_interest_fader.csv            -> modules/12_interest_rate/input/f12_interest_fader.csv
   input/fm_tau1995.cs4                    -> modules/13_tc/input/fm_tau1995.cs4
   input/f13_tau_scenario.csv              -> modules/13_tc/input/f13_tau_scenario.csv
   input/f13_tcguess.cs4                   -> modules/13_tc/input/f13_tcguess.cs4
   input/f13_tc_exponent.cs3               -> modules/13_tc/input/f13_tc_exponent.cs3
   input/f13_tc_factor.cs3                 -> modules/13_tc/input/f13_tc_factor.cs3
   input/f13_tau_historical.csv            -> modules/13_tc/input/f13_tau_historical.csv
   input/f13_pastr_tau_hist.csv            -> modules/13_tc/input/f13_pastr_tau_hist.csv
   input/lpj_yields_c2000.mz               -> modules/14_yields/input/lpj_yields.cs3
   input/f14_yld_calib.csv                 -> modules/14_yields/input/f14_yld_calib.csv
   input/lpj_yields_0.5.mz                 -> modules/14_yields/input/lpj_yields_0.5.mz
   input/f14_pasture_yields_hist.csv       -> modules/14_yields/input/f14_pasture_yields_hist.csv
   input/f14_ipcc_bce.cs3                  -> modules/14_yields/input/f14_ipcc_bce.cs3
   input/f14_aboveground_fraction.csv      -> modules/14_yields/input/f14_aboveground_fraction.csv
   input/f14_region_yields.cs3             -> modules/14_yields/managementcalib_aug19/input/f14_region_yields.cs3
   input/f14_ipcc_bce.cs3                  -> modules/14_yields/managementcalib_aug19/input/f14_ipcc_bce.cs3
   input/f14_aboveground_fraction.csv      -> modules/14_yields/managementcalib_aug19/input/f14_aboveground_fraction.csv
   input/f15_bmi.cs3                       -> modules/15_food/input/f15_bmi.cs3
   input/f15_bmi_shr_past.cs3              -> modules/15_food/input/f15_bmi_shr_past.cs3
   input/f15_bmi_shr_regr_paras.cs3        -> modules/15_food/input/f15_bmi_shr_regr_paras.cs3
   input/f15_demand_regression_parameters.cs3 -> modules/15_food/input/f15_demand_regression_parameters.cs3
   input/f15_bmi_shr_regr_paras.cs3        -> modules/15_food/input/f15_bmi_shr_regr_paras.cs3
   input/f15_kcal_pc_iso.csv               -> modules/15_food/input/f15_kcal_pc_iso.csv
   input/f15_intake_pc_observed_iso.cs3    -> modules/15_food/input/f15_intake_pc_observed_iso.cs3
   input/f15_prices_initial.csv            -> modules/15_food/input/f15_prices_initial.csv
   input/f15_prices_index.csv              -> modules/15_food/input/f15_prices_index.csv
   input/f15_kcal_balanceflow_fadeout.csv  -> modules/15_food/input/f15_kcal_balanceflow_fadeout.csv
   input/f15_ruminant_fadeout.csv          -> modules/15_food/input/f15_ruminant_fadeout.csv
   input/f15_bodyheight_historical.cs3     -> modules/15_food/input/f15_bodyheight_historical.cs3
   input/f15_schofield_parameters.cs3      -> modules/15_food/input/f15_schofield_parameters.cs3
   input/f15_schofield_parameters_height.cs3 -> modules/15_food/input/f15_schofield_parameters_height.cs3
   input/f15_household_balanceflow.cs3     -> modules/15_food/input/f15_household_balanceflow.cs3
   input/f15_nutrition_attributes.cs3      -> modules/15_food/input/f15_nutrition_attributes.cs3
   input/f15_calib_factor_FAOfsupply.cs4   -> modules/15_food/input/f15_calib_factor_FAOfsupply.cs4
   input/f15_supply2intake_ratio_bottomup.cs3 -> modules/15_food/input/f15_supply2intake_ratio_bottomup.cs3
   input/f15_supply2intake_ratio_FAO_iso.cs3 -> modules/15_food/input/f15_supply2intake_ratio_FAO_iso.cs3
   input/f15_intake_EATLancet.cs3          -> modules/15_food/input/f15_intake_EATLancet.cs3
   input/f15_intake_EATLancet_iso.cs3      -> modules/15_food/input/f15_intake_EATLancet_iso.cs3
   input/f15_food_substitution_fader.csv   -> modules/15_food/input/f15_food_substitution_fader.csv
   input/f15_ruminant_fadeout_india.csv    -> modules/15_food/input/f15_ruminant_fadeout_india.csv
   input/f15_milk_fadeout_india.csv        -> modules/15_food/input/f15_milk_fadeout_india.csv
   input/f15_bodyheight_regr_paras.cs3     -> modules/15_food/input/f15_bodyheight_regr_paras.cs3
   input/fm_attributes.cs3                 -> modules/16_demand/sector_may15/input/fm_attributes.cs3
   input/f16_seed_shr.csv                  -> modules/16_demand/sector_may15/input/f16_seed_shr.csv
   input/f16_waste_shr.csv                 -> modules/16_demand/sector_may15/input/f16_waste_shr.csv
   input/f16_domestic_balanceflow.csv      -> modules/16_demand/sector_may15/input/f16_domestic_balanceflow.csv
   input/f18_cgf.csv                       -> modules/18_residues/flexreg_apr16/input/f18_cgf.csv
   input/f18_res_use_burn.cs3              -> modules/18_residues/flexreg_apr16/input/f18_res_use_burn.cs3
   input/f18_fac_req_kres.csv              -> modules/18_residues/flexreg_apr16/input/f18_fac_req_kres.csv
   input/f18_multicropping.csv             -> modules/18_residues/input/f18_multicropping.csv
   input/f18_res_combust_eff.cs4           -> modules/18_residues/input/f18_res_combust_eff.cs4
   input/f18_attributes_residue_ag.csv     -> modules/18_residues/input/f18_attributes_residue_ag.csv
   input/f18_attributes_residue_bg.csv     -> modules/18_residues/input/f18_attributes_residue_bg.csv
   input/f20_processing_shares.cs3         -> modules/20_processing/input/f20_processing_shares.cs3
   input/f20_processing_conversion_factors.cs3 -> modules/20_processing/input/f20_processing_conversion_factors.cs3
   input/f20_processing_balanceflow.cs3    -> modules/20_processing/input/f20_processing_balanceflow.cs3
   input/f20_processing_unitcosts.cs3      -> modules/20_processing/input/f20_processing_unitcosts.cs3
   input/f20_scp_processing_shares.csv     -> modules/20_processing/input/f20_scp_processing_shares.csv
   input/f20_scp_type_shr.csv              -> modules/20_processing/input/f20_scp_type_shr.csv
   input/f20_scp_unitcosts.csv             -> modules/20_processing/input/f20_scp_unitcosts.csv
   input/f20_quality_cost.cs3              -> modules/20_processing/substitution_may21/input/f20_quality_cost.cs3
   input/f21_trade_self_suff.cs3           -> modules/21_trade/input/f21_trade_self_suff.cs3
   input/f21_trade_export_share.cs3        -> modules/21_trade/input/f21_trade_export_share.cs3
   input/f21_trade_balanceflow.cs3         -> modules/21_trade/input/f21_trade_balanceflow.cs3
   input/f21_trade_margin.cs3              -> modules/21_trade/input/f21_trade_margin.cs3
   input/f21_trade_tariff.cs3              -> modules/21_trade/input/f21_trade_tariff.cs3
   input/f21_trade_tariff_export.cs3       -> modules/21_trade/input/f21_trade_tariff_export.cs3
   input/f21_trade_tariff_import.cs3       -> modules/21_trade/input/f21_trade_tariff_import.cs3
   input/f21_trade_bal_reduction.cs3       -> modules/21_trade/input/f21_trade_bal_reduction.cs3
   input/f21_trade_balance.cs3             -> modules/21_trade/input/f21_trade_balance.cs3
   input/avl_land_t_iso.cs3                -> modules/22_land_conservation/input/avl_land_t_iso.cs3
   input/wdpa_baseline_c2000.mz            -> modules/22_land_conservation/input/wdpa_baseline.cs3
   input/wdpa_baseline_0.5.mz              -> modules/22_land_conservation/input/wdpa_baseline_0.5.mz
   input/consv_prio_areas_c2000.mz         -> modules/22_land_conservation/input/consv_prio_areas.cs3
   input/consv_prio_areas_0.5.mz           -> modules/22_land_conservation/input/consv_prio_areas_0.5.mz
   input/forestageclasses_c2000.mz         -> modules/29_ageclass/input/forestageclasses.cs3
   input/f30_rotation_max.csv              -> modules/30_crop/endo_apr21/input/f30_rotation_max.csv
   input/f30_rotation_min.csv              -> modules/30_crop/endo_apr21/input/f30_rotation_min.csv
   input/avl_cropland_c2000.mz             -> modules/30_crop/endo_apr21/input/avl_cropland.cs3
   input/avl_cropland_0.5.mz               -> modules/30_crop/endo_apr21/input/avl_cropland_0.5.mz
   input/f30_scenario_fader.csv            -> modules/30_crop/endo_apr21/input/f30_scenario_fader.csv
   input/f30_croparea_w_initialisation_c2000.mz -> modules/30_crop/endo_apr21/input/f30_croparea_w_initialisation.cs3
   input/avl_cropland_iso.cs3              -> modules/30_crop/endo_apr21/input/avl_cropland_iso.cs3
   input/f30_rotation_incentives.csv       -> modules/30_crop/penalty_apr22/input/f30_rotation_incentives.csv
   input/f30_rotation_rules.csv            -> modules/30_crop/penalty_apr22/input/f30_rotation_rules.csv
   input/avl_cropland_c2000.mz             -> modules/30_crop/penalty_apr22/input/avl_cropland.cs3
   input/avl_cropland_0.5.mz               -> modules/30_crop/penalty_apr22/input/avl_cropland_0.5.mz
   input/f30_scenario_fader.csv            -> modules/30_crop/penalty_apr22/input/f30_scenario_fader.csv
   input/f30_croparea_w_initialisation_c2000.mz -> modules/30_crop/penalty_apr22/input/f30_croparea_w_initialisation.cs3
   input/avl_cropland_iso.cs3              -> modules/30_crop/penalty_apr22/input/avl_cropland_iso.cs3
   input/f30_rotation_max_scen.csv         -> modules/30_crop/rotation_apr22/input/f30_rotation_max_scen.csv
   input/f30_rotation_min_scen.csv         -> modules/30_crop/rotation_apr22/input/f30_rotation_min_scen.csv
   input/avl_cropland_c2000.mz             -> modules/30_crop/rotation_apr22/input/avl_cropland.cs3
   input/avl_cropland_0.5.mz               -> modules/30_crop/rotation_apr22/input/avl_cropland_0.5.mz
   input/f30_scenario_fader.csv            -> modules/30_crop/rotation_apr22/input/f30_scenario_fader.csv
   input/f30_croparea_w_initialisation_c2000.mz -> modules/30_crop/rotation_apr22/input/f30_croparea_w_initialisation.cs3
   input/avl_cropland_iso.cs3              -> modules/30_crop/rotation_apr22/input/avl_cropland_iso.cs3
   input/f31_pastr_suitability_c2000.mz    -> modules/31_past/input/f31_pastr_suitability.cs3
   input/f31_LUH2v2_c2000.mz               -> modules/31_past/input/f31_LUH2v2.cs3
   input/f31_grassl_yld_c2000.mz           -> modules/31_past/input/f31_grassl_yld.cs3
   input/f31_grass_bio_hist.cs3            -> modules/31_past/input/f31_grass_bio_hist.cs3
   input/aff_unrestricted_c2000.mz         -> modules/32_forestry/input/aff_unrestricted.cs2
   input/aff_noboreal_c2000.mz             -> modules/32_forestry/input/aff_noboreal.cs2
   input/aff_onlytropical_c2000.mz         -> modules/32_forestry/input/aff_onlytropical.cs2
   input/npi_ndc_aff_pol_c2000.mz          -> modules/32_forestry/input/npi_ndc_aff_pol.cs3
   input/f32_plant_prod_share.csv          -> modules/32_forestry/input/f32_plant_prod_share.csv
   input/f32_bph_effect_noTCRE_c2000.mz    -> modules/32_forestry/input/f32_bph_effect_noTCRE.cs3
   input/f32_localTCRE_c2000.mz            -> modules/32_forestry/input/f32_localTCRE.cs3
   input/f32_ac_dist.csv                   -> modules/32_forestry/input/f32_ac_dist.csv
   input/f32_gs_relativetarget.cs4         -> modules/32_forestry/input/f32_gs_relativetarget.cs4
   input/f32_plantation_contribution.cs3   -> modules/32_forestry/input/f32_plantation_contribution.cs3
   input/f32_plantedforest.cs4             -> modules/32_forestry/input/f32_plantedforest.cs4
   input/f32_estb_calib.cs4                -> modules/32_forestry/input/f32_estb_calib.cs4
   input/f34_urbanland_c2000.mz            -> modules/34_urban/exo_nov21/input/f34_urbanland.cs3
   input/npi_ndc_ad_aolc_pol_c2000.mz      -> modules/35_natveg/input/npi_ndc_ad_aolc_pol.cs3
   input/f35_forest_disturbance_share.cs4  -> modules/35_natveg/input/f35_forest_disturbance_share.cs4
   input/f35_forest_lost_share.cs3         -> modules/35_natveg/input/f35_forest_lost_share.cs3
   input/f35_gs_relativetarget.cs4         -> modules/35_natveg/input/f35_gs_relativetarget.cs4
   input/f36_weekly_hours.csv              -> modules/36_employment/exo_may22/input/f36_weekly_hours.csv
   input/f36_weekly_hours_iso.csv          -> modules/36_employment/exo_may22/input/f36_weekly_hours_iso.csv
   input/f36_historic_hourly_labor_costs.csv -> modules/36_employment/exo_may22/input/f36_historic_hourly_labor_costs.csv
   input/f36_regression_hourly_labor_costs.csv -> modules/36_employment/exo_may22/input/f36_regression_hourly_labor_costs.csv
   input/f36_historic_ag_employment.csv    -> modules/36_employment/exo_may22/input/f36_historic_ag_employment.csv
   input/f36_unspecified_subsidies.csv     -> modules/36_employment/exo_may22/input/f36_unspecified_subsidies.csv
   input/f36_nonmagpie_factor_costs.csv    -> modules/36_employment/exo_may22/input/f36_nonmagpie_factor_costs.csv
   input/f36_regression_cap_share.csv      -> modules/36_employment/exo_may22/input/f36_regression_cap_share.csv
   input/f36_historical_share.csv          -> modules/36_employment/exo_may22/input/f36_historical_share.csv
   input/f37_labourprodimpact_c2000.mz     -> modules/37_labor_prod/exo/input/f37_labourprodimpact.cs3
   input/f38_historical_share.csv          -> modules/38_factor_costs/input/f38_historical_share.csv
   input/f38_regression_cap_share.csv      -> modules/38_factor_costs/input/f38_regression_cap_share.csv
   input/f38_fac_req_fao.csv               -> modules/38_factor_costs/input/f38_fac_req_fao.csv
   input/f38_fac_req_fao_regional.cs4      -> modules/38_factor_costs/input/f38_fac_req_fao_regional.cs4
   input/f38_region_yield.csv              -> modules/38_factor_costs/mixed_reg_feb17/input/f38_region_yield.csv
   input/f38_fac_req_reg.csv               -> modules/38_factor_costs/mixed_reg_feb17/input/f38_fac_req_reg.csv
   input/f38_region_yield.csv              -> modules/38_factor_costs/sticky_feb18/input/f38_region_yield.csv
   input/f38_historical_share.csv          -> modules/38_factor_costs/sticky_feb18/input/f38_historical_share.csv
   input/f38_regression_cap_share.csv      -> modules/38_factor_costs/sticky_feb18/input/f38_regression_cap_share.csv
   input/f38_fac_req_fao.csv               -> modules/38_factor_costs/sticky_feb18/input/f38_fac_req_fao.csv
   input/f38_region_yield.csv              -> modules/38_factor_costs/sticky_labor/input/f38_region_yield.csv
   input/f38_historical_share.csv          -> modules/38_factor_costs/sticky_labor/input/f38_historical_share.csv
   input/f38_regression_cap_share.csv      -> modules/38_factor_costs/sticky_labor/input/f38_regression_cap_share.csv
   input/f38_fac_req_fao.csv               -> modules/38_factor_costs/sticky_labor/input/f38_fac_req_fao.csv
   input/f39_calib.csv                     -> modules/39_landconversion/input/f39_calib.csv
   input/f40_transport_costs.csv           -> modules/40_transport/disaggr/input/f40_transport_costs.csv
   input/f40_transport_costs.csv           -> modules/40_transport/gtap_nov12/input/f40_transport_costs.csv
   input/transport_distance_c2000.mz       -> modules/40_transport/input/transport_distance.cs2
   input/f41_c_irrig.csv                   -> modules/41_area_equipped_for_irrigation/endo_apr13/input/f41_c_irrig.csv
   input/avl_irrig_c2000.mz                -> modules/41_area_equipped_for_irrigation/input/avl_irrig.cs2
   input/avl_irrig_luh_t_c2000.mz          -> modules/41_area_equipped_for_irrigation/input/avl_irrig_luh_t.cs2
   input/lpj_airrig_c2000.mz               -> modules/42_water_demand/input/lpj_airrig.cs2
   input/lpj_envflow_grper_c2000.mz        -> modules/42_water_demand/input/lpj_envflow_grper.cs2
   input/watdem_nonagr_grper_c2000.mz      -> modules/42_water_demand/input/watdem_nonagr_grper.cs3
   input/f42_env_flow_policy.cs3           -> modules/42_water_demand/input/f42_env_flow_policy.cs3
   input/f42_wat_req_fao.csv               -> modules/42_water_demand/input/f42_wat_req_fao.csv
   input/f42_pumping_cost.cs4              -> modules/42_water_demand/input/f42_pumping_cost.cs4
   input/lpj_watavail_grper_c2000.mz       -> modules/43_water_availability/input/lpj_watavail_grper.cs2
   input/f44_bii_coeff.cs3                 -> modules/44_biodiversity/bii_target/input/f44_bii_coeff.cs3
   input/biorealm_biome_c2000.mz           -> modules/44_biodiversity/bii_target/input/biorealm_biome.cs3
   input/rr_layer_c2000.mz                 -> modules/44_biodiversity/bv_btc_mar21/input/rr_layer.cs2
   input/f44_bii_coeff.cs3                 -> modules/44_biodiversity/bv_btc_mar21/input/f44_bii_coeff.cs3
   input/koeppen_geiger_c2000.mz           -> modules/45_climate/static/input/koeppen_geiger.cs3
   input/f50_snupe.cs4                     -> modules/50_nr_soil_budget/input/f50_snupe.cs4
   input/f50_nitrogen_balanceflow.cs4      -> modules/50_nr_soil_budget/input/f50_nitrogen_balanceflow.cs4
   input/f50_ndfa.cs4                      -> modules/50_nr_soil_budget/input/f50_ndfa.cs4
   input/f50_fixation_freeliving.cs4       -> modules/50_nr_soil_budget/input/f50_fixation_freeliving.cs4
   input/f50_nue_pasture.cs4               -> modules/50_nr_soil_budget/input/f50_nue_pasture.cs4
   input/f50_nitrogen_fixation_rates_pasture.cs4 -> modules/50_nr_soil_budget/input/f50_nitrogen_fixation_rates_pasture.cs4
   input/f50_nitrogen_balanceflow_pasture.cs4 -> modules/50_nr_soil_budget/input/f50_nitrogen_balanceflow_pasture.cs4
   input/f50_NitrogenFixationRateNatural_0.5.mz -> modules/50_nr_soil_budget/input/f50_NitrogenFixationRateNatural_0.5.mz
   input/f50_AtmosphericDepositionRates_0.5.mz -> modules/50_nr_soil_budget/input/f50_AtmosphericDepositionRates_0.5.mz
   input/f50_AtmosphericDepositionRates_c2000.mz -> modules/50_nr_soil_budget/input/f50_AtmosphericDepositionRates.cs3
   input/f51_ipcc_ef.csv                   -> modules/51_nitrogen/input/f51_ipcc_ef.csv
   input/f51_ef_n_soil.cs3                 -> modules/51_nitrogen/input/f51_ef_n_soil.cs3
   input/f51_ef_n_soil_reg.cs3             -> modules/51_nitrogen/input/f51_ef_n_soil_reg.cs3
   input/f51_ef3_confinement.cs4           -> modules/51_nitrogen/ipcc2006_sep16/input/f51_ef3_confinement.cs4
   input/f51_ef3_prp.cs4                   -> modules/51_nitrogen/ipcc2006_sep16/input/f51_ef3_prp.cs4
   input/f51_ef_resid_burn.cs4             -> modules/51_nitrogen/ipcc2006_sep16/input/f51_ef_resid_burn.cs4
   input/f51_ef3_confinement.cs4           -> modules/51_nitrogen/rescaled_jan21/input/f51_ef3_confinement.cs4
   input/f51_ef3_prp.cs4                   -> modules/51_nitrogen/rescaled_jan21/input/f51_ef3_prp.cs4
   input/f51_ef_resid_burn.cs4             -> modules/51_nitrogen/rescaled_jan21/input/f51_ef_resid_burn.cs4
   input/lpj_carbon_stocks_c2000.mz        -> modules/52_carbon/input/lpj_carbon_stocks.cs3
   input/lpj_carbon_stocks_0.5.mz          -> modules/52_carbon/input/lpj_carbon_stocks_0.5.mz
   input/f52_growth_par.csv                -> modules/52_carbon/input/f52_growth_par.csv
   input/f52_land_carbon_sink_adjust_grassi.cs3 -> modules/52_carbon/input/f52_land_carbon_sink_adjust_grassi.cs3
   input/f53_EFch4Rice.cs4                 -> modules/53_methane/input/f53_EFch4Rice.cs4
   input/f53_EFch4AWMS.cs4                 -> modules/53_methane/input/f53_EFch4AWMS.cs4
   input/f55_manure_fuel_shr.cs4           -> modules/55_awms/ipcc2006_aug16/input/f55_manure_fuel_shr.cs4
   input/f55_awms_shr.cs4                  -> modules/55_awms/ipcc2006_aug16/input/f55_awms_shr.cs4
   input/f55_awms_recycling_share.cs4      -> modules/55_awms/ipcc2006_aug16/input/f55_awms_recycling_share.cs4
   input/f56_pollutant_prices.cs3          -> modules/56_ghg_policy/input/f56_pollutant_prices.cs3
   input/f56_emis_policy.csv               -> modules/56_ghg_policy/input/f56_emis_policy.csv
   input/f57_maccs_n2o.cs3                 -> modules/57_maccs/input/f57_maccs_n2o.cs3
   input/f57_maccs_ch4.cs3                 -> modules/57_maccs/input/f57_maccs_ch4.cs3
   input/f57_maccs_n2o_2019.cs3            -> modules/57_maccs/input/f57_maccs_n2o_2019.cs3
   input/f57_maccs_ch4_2019.cs3            -> modules/57_maccs/input/f57_maccs_ch4_2019.cs3
   input/f57_maccs_n2o_2022.cs3            -> modules/57_maccs/input/f57_maccs_n2o_2022.cs3
   input/f57_maccs_ch4_2022.cs3            -> modules/57_maccs/input/f57_maccs_ch4_2022.cs3
   input/f58_peatland_degrad_c2000.mz      -> modules/58_peatland/input/f58_peatland_degrad.cs2
   input/f58_peatland_intact_c2000.mz      -> modules/58_peatland/input/f58_peatland_intact.cs2
   input/f58_ipcc_wetland_ef.cs3           -> modules/58_peatland/input/f58_ipcc_wetland_ef.cs3
   input/f59_ch5_F_I.csv                   -> modules/59_som/cellpool_aug16/input/f59_ch5_F_I.csv
   input/f59_ch5_F_LU.csv                  -> modules/59_som/cellpool_aug16/input/f59_ch5_F_LU.csv
   input/f59_ch5_F_MG.csv                  -> modules/59_som/cellpool_aug16/input/f59_ch5_F_MG.csv
   input/f59_ch5_F_IRR.cs3                 -> modules/59_som/cellpool_aug16/input/f59_ch5_F_IRR.cs3
   input/f59_som_initialisation_pools_c2000.mz -> modules/59_som/cellpool_aug16/input/f59_som_initialisation_pools.cs3
   input/lpj_carbon_topsoil_c2000.mz       -> modules/59_som/input/lpj_carbon_topsoil.cs2b
   input/lpj_carbon_topsoil_0.5.mz         -> modules/59_som/input/lpj_carbon_topsoil_0.5.mz
   input/cshare_released_c2000.mz          -> modules/59_som/static_jan19/input/cshare_released.cs2b
   input/f59_som_exogenous.cs3             -> modules/59_som/static_jan19/input/f59_som_exogenous.cs3
   input/f60_1stgen_bioenergy_dem.cs3      -> modules/60_bioenergy/input/f60_1stgen_bioenergy_dem.cs3
   input/f60_2ndgenBE_residue_dem.cs3      -> modules/60_bioenergy/input/f60_2ndgenBE_residue_dem.cs3
   input/f60_bioenergy_dem.cs3             -> modules/60_bioenergy/input/f60_bioenergy_dem.cs3
   input/f62_dem_material.cs3              -> modules/62_material/input/f62_dem_material.cs3
   input/f70_feed_baskets.cs3              -> modules/70_livestock/fbask_jan16/input/f70_feed_baskets.cs3
   input/f70_feed_balanceflow.cs3          -> modules/70_livestock/fbask_jan16/input/f70_feed_balanceflow.cs3
   input/f70_livestock_productivity.cs3    -> modules/70_livestock/fbask_jan16/input/f70_livestock_productivity.cs3
   input/f70_capit_liv_regr.csv            -> modules/70_livestock/fbask_jan16/input/f70_capit_liv_regr.csv
   input/f70_capit_liv_regr_regional.cs3   -> modules/70_livestock/fbask_jan16/input/f70_capit_liv_regr_regional.cs3
   input/f70_slaughter_feed_share.cs4      -> modules/70_livestock/fbask_jan16/input/f70_slaughter_feed_share.cs4
   input/f70_pyld_slope_reg.cs4            -> modules/70_livestock/fbask_jan16/input/f70_pyld_slope_reg.cs4
   input/f70_feed_substitution_fader.csv   -> modules/70_livestock/fbask_jan16/input/f70_feed_substitution_fader.csv
   input/f70_cap_share_reg.csv             -> modules/70_livestock/fbask_jan16/input/f70_cap_share_reg.csv
   input/f70_hist_cap_share.csv            -> modules/70_livestock/fbask_jan16/input/f70_hist_cap_share.csv
   input/f70_hist_factor_costs_livst.csv   -> modules/70_livestock/fbask_jan16/input/f70_hist_factor_costs_livst.csv
   input/f70_hist_prod_livst.cs3           -> modules/70_livestock/fbask_jan16/input/f70_hist_prod_livst.cs3
   input/f73_prod_specific_timber.csv      -> modules/73_timber/input/f73_prod_specific_timber.csv
   input/f73_income_elasticity.csv         -> modules/73_timber/input/f73_income_elasticity.csv
   input/f73_volumetric_conversion.csv     -> modules/73_timber/input/f73_volumetric_conversion.csv
   input/f73_demand_modifier.csv           -> modules/73_timber/input/f73_demand_modifier.csv
   input/f73_regional_timber_demand.csv    -> modules/73_timber/input/f73_regional_timber_demand.csv
   input/f73_construction_wood_demand.cs3  -> modules/73_timber/input/f73_construction_wood_demand.cs3
   input/country2cell.rds                  -> scripts/npi_ndc/policies/country2cell.rds
   input/policy_definitions.csv            -> scripts/npi_ndc/policies/policy_definitions.csv

2022-08-26 18:16:11: unlocked model.

Warning messages:
1: In gms::model_lock(timeout1 = 1, check_interval = runif(1, 10, 30)) :
  check_interval setting is deprecated and ignored.
2: Settings are unknown in provided cfg (cfg$val_workspace, cfg$magpie_folder, cfg$gms$s40_transport_cost_scalar, cfg$gms$c_title)! 
