Global .Rprofile loaded! (R version 4.1.2 (2021-11-01))
4 packages in personal lib '/home/davidch/R/x86_64-pc-linux-gnu-library/4.1':
- furrr
- ggsankey
- ineq
- remotes
see https://redmine.pik-potsdam.de/projects/mo/wiki/R_packages_on_cluster

# extra/disaggregation.R -> ./output/disaggr_gtapdefault_DFoodRecal_2022-09-07_10.24.13/
Loading required package: gdx
Loading required package: gdxrrw
Loading required package: magclass

Attaching package: 'dplyr'

The following objects are masked from 'package:stats':

    filter, lag

The following objects are masked from 'package:base':

    intersect, setdiff, setequal, union

proj_as_proj_string: Cannot find proj.db
proj_as_wkt: Cannot find proj.db
proj_create: Cannot find proj.db
proj_as_wkt: Cannot find proj.db
proj_as_proj_string: Cannot find proj.db
proj_as_wkt: Cannot find proj.db
proj_create: Cannot find proj.db
proj_as_wkt: Cannot find proj.db
Disaggregation crop types
Disaggregation Forestry

